<?xml version="1.0" encoding="UTF-8"?>
<!-- Generated by org.testng.reporters.JUnitReportReporter -->
<testsuite hostname="GT0349" failures="0" tests="3" name="testingpraco.TestingPraco" time="76.844" errors="0" timestamp="2024-09-24T20:15:10 IST" skipped="0">
  <testcase classname="testingpraco.TestingPraco" name="verifyCategoryList" time="30.258"/>
  <system-out/>
  <testcase classname="testingpraco.TestingPraco" name="verifyDoctorDetailsTimeSlotAndDate" time="28.438"/>
  <system-out/>
  <testcase classname="testingpraco.TestingPraco" name="validateFilterValues" time="18.148"/>
  <system-out/>
</testsuite> <!-- testingpraco.TestingPraco -->
